100.12.16 15:49 B C:\אתר מקהלת יואב\about.htm <-- yoav choir /yoav_choir/ about.htm
100.12.16 15:49 B C:\אתר מקהלת יואב\cd-hebrew.htm <-- yoav choir /yoav_choir/ cd-hebrew.htm
100.12.16 15:50 B C:\אתר מקהלת יואב\cd.htm <-- yoav choir /yoav_choir/ cd.htm
100.12.16 15:50 B C:\אתר מקהלת יואב\concerts.htm <-- yoav choir /yoav_choir/ concerts.htm
100.12.16 15:50 B C:\אתר מקהלת יואב\conductor.htm <-- yoav choir /yoav_choir/ conductor.htm
100.12.16 15:50 B C:\אתר מקהלת יואב\galery.htm <-- yoav choir /yoav_choir/ galery.htm
100.12.16 15:50 B C:\אתר מקהלת יואב\hebhome.htm <-- yoav choir /yoav_choir/ hebhome.htm
100.12.16 15:50 B C:\אתר מקהלת יואב\index.htm <-- yoav choir /yoav_choir/ index.htm
100.12.16 15:50 B C:\אתר מקהלת יואב\links.1.gif <-- yoav choir /yoav_choir/ links.1.gif
100.12.16 15:50 B C:\אתר מקהלת יואב\links.htm <-- yoav choir /yoav_choir/ links.htm
100.12.16 15:51 B C:\אתר מקהלת יואב\norway.htm <-- yoav choir /yoav_choir/ norway.htm
100.12.16 15:51 B C:\אתר מקהלת יואב\repertoir.htm <-- yoav choir /yoav_choir/ repertoir.htm
100.12.16 18:02 B C:\אתר מקהלת יואב\concerts.htm --> ftp.geocities.com /yoav_choir/ concerts.htm
100.12.16 18:13 B C:\אתר מקהלת יואב\index.htm --> ftp.geocities.com /yoav_choir/ index.htm
100.12.16 18:25 B C:\אתר מקהלת יואב\index.htm --> ftp.geocities.com /yoav_choir/ index.htm
100.12.16 18:34 B C:\אתר מקהלת יואב\concerts.htm --> ftp.geocities.com /yoav_choir/ concerts.htm
100.12.16 18:36 B C:\אתר מקהלת יואב\concerts.htm --> ftp.geocities.com /yoav_choir/ concerts.htm
100.12.16 18:38 B C:\אתר מקהלת יואב\concerts.htm --> ftp.geocities.com /yoav_choir/ concerts.htm
100.12.16 18:39 B C:\אתר מקהלת יואב\concerts.htm --> ftp.geocities.com /yoav_choir/ concerts.htm
100.12.16 18:46 B C:\אתר מקהלת יואב\concerts.htm --> ftp.geocities.com /yoav_choir concerts.htm
100.12.16 18:48 B C:\אתר מקהלת יואב\concerts.htm --> ftp.geocities.com /yoav_choir concerts.htm
101.06.14 23:03 B C:\אתר מקהלת יואב\cd-hebrew.htm --> ftp.geocities.com /yoav_choir/ cd-hebrew.htm
101.06.14 23:03 B C:\אתר מקהלת יואב\cd.htm --> ftp.geocities.com /yoav_choir/ cd.htm
101.06.14 23:04 B C:\אתר מקהלת יואב\index.htm --> ftp.geocities.com /yoav_choir/ index.htm
101.06.14 23:05 B C:\אתר מקהלת יואב\index.htm --> ftp.geocities.com /yoav_choir/ index.htm
101.06.14 23:08 B C:\אתר מקהלת יואב\conductor.htm --> ftp.geocities.com /yoav_choir/ conductor.htm
101.06.14 23:20 B C:\אתר מקהלת יואב\conductor.htm --> ftp.geocities.com /yoav_choir/ conductor.htm
101.06.14 23:22 B C:\אתר מקהלת יואב\conductor.htm --> ftp.geocities.com /yoav_choir/ conductor.htm
101.06.14 23:25 B C:\אתר מקהלת יואב\conductor.htm --> ftp.geocities.com /yoav_choir/ conductor.htm
101.06.14 23:26 B C:\אתר מקהלת יואב\conductor.htm --> ftp.geocities.com /yoav_choir/ conductor.htm
101.06.14 23:28 B C:\אתר מקהלת יואב\conductor.htm --> ftp.geocities.com /yoav_choir/ conductor.htm
101.06.15 18:23 B C:\אתר מקהלת יואב\conductor.htm --> ftp.geocities.com /yoav_choir/ conductor.htm
101.06.15 18:31 B C:\אתר מקהלת יואב\index.htm --> ftp.geocities.com /yoav_choir/ index.htm
101.06.15 18:34 B C:\אתר מקהלת יואב\conductor.htm --> ftp.geocities.com /yoav_choir/ conductor.htm
101.06.15 18:35 B C:\אתר מקהלת יואב\conductor.htm --> ftp.geocities.com /yoav_choir/ conductor.htm
101.06.15 18:39 B C:\אתר מקהלת יואב\conductor.htm --> ftp.geocities.com /yoav_choir/ conductor.htm
101.06.15 18:39 B C:\אתר מקהלת יואב\index.htm --> ftp.geocities.com /yoav_choir/ index.htm
101.06.15 19:02 B C:\אתר מקהלת יואב\conductor.htm --> ftp.geocities.com /yoav_choir/ conductor.htm
101.06.15 19:02 B C:\אתר מקהלת יואב\index.htm --> ftp.geocities.com /yoav_choir/ index.htm
101.06.15 19:08 B C:\אתר מקהלת יואב\index.htm <-- yoav choir /yoav_choir/ index.htm
101.06.15 21:42 B C:\אתר מקהלת יואב\index.htm --> ftp.geocities.com /yoav_choir/ index.htm
101.06.15 22:29 B C:\אתר מקהלת יואב\index.htm --> ftp.geocities.com /yoav_choir/ index.htm
101.06.15 22:41 B C:\אתר מקהלת יואב\conductor.htm --> ftp.geocities.com /yoav_choir/ conductor.htm
101.06.15 22:44 B C:\אתר מקהלת יואב\conductor.htm --> ftp.geocities.com /yoav_choir/ conductor.htm
101.06.15 22:48 B C:\אתר מקהלת יואב\conductor.htm --> ftp.geocities.com /yoav_choir/ conductor.htm
101.06.15 22:50 B C:\אתר מקהלת יואב\conductor.htm --> ftp.geocities.com /yoav_choir/ conductor.htm
101.06.15 22:51 B C:\אתר מקהלת יואב\conductor.htm --> ftp.geocities.com /yoav_choir/ conductor.htm
101.06.15 22:55 B C:\אתר מקהלת יואב\index.htm --> ftp.geocities.com /yoav_choir/ index.htm
101.06.15 23:20 B C:\אתר מקהלת יואב\index.htm --> ftp.geocities.com /yoav_choir/ index.htm
101.06.15 23:22 B C:\אתר מקהלת יואב\index.htm --> ftp.geocities.com /yoav_choir/ index.htm
101.06.15 23:24 B C:\אתר מקהלת יואב\index.htm --> ftp.geocities.com /yoav_choir/ index.htm
101.06.15 23:26 B C:\אתר מקהלת יואב\index.htm --> ftp.geocities.com /yoav_choir/ index.htm
101.06.15 23:30 B C:\אתר מקהלת יואב\index.htm --> ftp.geocities.com /yoav_choir/ index.htm
101.06.15 23:31 B C:\אתר מקהלת יואב\index.htm --> ftp.geocities.com /yoav_choir/ index.htm
101.06.15 23:34 B C:\אתר מקהלת יואב\index.htm --> ftp.geocities.com /yoav_choir/ index.htm
101.06.15 23:35 B C:\אתר מקהלת יואב\index.htm --> ftp.geocities.com /yoav_choir/ index.htm
101.06.15 23:38 B C:\אתר מקהלת יואב\index.htm --> ftp.geocities.com /yoav_choir/ index.htm
101.06.15 23:54 B C:\אתר מקהלת יואב\index.htm --> ftp.geocities.com /yoav_choir/ index.htm
101.06.15 23:55 B C:\אתר מקהלת יואב\index.htm --> ftp.geocities.com /yoav_choir/ index.htm
101.06.15 23:56 B C:\אתר מקהלת יואב\index.htm --> ftp.geocities.com /yoav_choir/ index.htm
101.06.15 23:58 B C:\אתר מקהלת יואב\index.htm --> ftp.geocities.com /yoav_choir/ index.htm
101.06.16 00:02 B C:\אתר מקהלת יואב\about.htm --> ftp.geocities.com /yoav_choir/ about.htm
101.06.16 00:10 B C:\אתר מקהלת יואב\galery.htm --> ftp.geocities.com /yoav_choir/ galery.htm
101.06.16 00:11 B C:\אתר מקהלת יואב\galery.htm --> ftp.geocities.com /yoav_choir/ galery.htm
101.06.16 00:13 B C:\אתר מקהלת יואב\galery.htm --> ftp.geocities.com /yoav_choir/ galery.htm
101.06.16 17:46 B C:\אתר מקהלת יואב\index.htm --> ftp.geocities.com /yoav_choir/ index.htm
101.06.16 18:51 B C:\אתר מקהלת יואב\index.htm --> ftp.geocities.com /yoav_choir/ index.htm
101.06.16 18:52 B C:\אתר מקהלת יואב\index.htm --> ftp.geocities.com /yoav_choir/ index.htm
101.06.16 18:55 B C:\אתר מקהלת יואב\index.htm --> ftp.geocities.com /yoav_choir/ index.htm
101.06.16 19:13 B C:\אתר מקהלת יואב\index.htm --> ftp.geocities.com /yoav_choir/ index.htm
101.06.16 19:14 B C:\אתר מקהלת יואב\index.htm --> ftp.geocities.com /yoav_choir/ index.htm
101.06.16 19:17 B C:\אתר מקהלת יואב\index.htm --> ftp.geocities.com /yoav_choir index.htm
101.10.27 09:21 B C:\אתר מקהלת יואב\index.htm --> ftp.geocities.com /yoav_choir/ index.htm
101.10.27 09:33 B C:\אתר מקהלת יואב\index.htm --> ftp.geocities.com /yoav_choir/ index.htm
101.10.27 09:36 B C:\אתר מקהלת יואב\index.htm --> ftp.geocities.com /yoav_choir/ index.htm
102.04.25 16:15 B C:\אתר מקהלת יואב\10ldhipy.gif --> www.zafit.kefar-menahem.k12.il /public_html/amalia/אתר מקהלת יואב 10ldhipy.gif
102.04.25 16:15 B C:\אתר מקהלת יואב\about.htm --> www.zafit.kefar-menahem.k12.il /public_html/amalia/אתר מקהלת יואב about.htm
102.04.25 16:15 B C:\אתר מקהלת יואב\ag_whack.gif --> www.zafit.kefar-menahem.k12.il /public_html/amalia/אתר מקהלת יואב ag_whack.gif
102.04.25 16:15 B C:\אתר מקהלת יואב\asp005.gif --> www.zafit.kefar-menahem.k12.il /public_html/amalia/אתר מקהלת יואב asp005.gif
102.04.25 16:15 B C:\אתר מקהלת יואב\Assa.gif --> www.zafit.kefar-menahem.k12.il /public_html/amalia/אתר מקהלת יואב Assa.gif
102.04.25 16:15 B C:\אתר מקהלת יואב\assa.htm --> www.zafit.kefar-menahem.k12.il /public_html/amalia/אתר מקהלת יואב assa.htm
102.04.25 16:15 B C:\אתר מקהלת יואב\Atarim.gif --> www.zafit.kefar-menahem.k12.il /public_html/amalia/אתר מקהלת יואב Atarim.gif
102.04.25 16:15 B C:\אתר מקהלת יואב\Aveverum.ra --> www.zafit.kefar-menahem.k12.il /public_html/amalia/אתר מקהלת יואב Aveverum.ra
102.04.25 16:15 B C:\אתר מקהלת יואב\beau2.gif --> www.zafit.kefar-menahem.k12.il /public_html/amalia/אתר מקהלת יואב beau2.gif
102.04.25 16:15 B C:\אתר מקהלת יואב\cd-hebrew.htm --> www.zafit.kefar-menahem.k12.il /public_html/amalia/אתר מקהלת יואב cd-hebrew.htm
102.04.25 16:15 B C:\אתר מקהלת יואב\cd.htm --> www.zafit.kefar-menahem.k12.il /public_html/amalia/אתר מקהלת יואב cd.htm
102.04.25 16:15 B C:\אתר מקהלת יואב\concerts.htm --> www.zafit.kefar-menahem.k12.il /public_html/amalia/אתר מקהלת יואב concerts.htm
102.04.25 16:15 B C:\אתר מקהלת יואב\conductor.htm --> www.zafit.kefar-menahem.k12.il /public_html/amalia/אתר מקהלת יואב conductor.htm
102.04.25 16:15 B C:\אתר מקהלת יואב\faurcant.mid --> www.zafit.kefar-menahem.k12.il /public_html/amalia/אתר מקהלת יואב faurcant.mid
102.04.25 16:16 B C:\אתר מקהלת יואב\galery.htm --> www.zafit.kefar-menahem.k12.il /public_html/amalia/אתר מקהלת יואב galery.htm
102.04.25 16:16 B C:\אתר מקהלת יואב\gc_icon.gif --> www.zafit.kefar-menahem.k12.il /public_html/amalia/אתר מקהלת יואב gc_icon.gif
102.04.25 16:16 B C:\אתר מקהלת יואב\geige.gif --> www.zafit.kefar-menahem.k12.il /public_html/amalia/אתר מקהלת יואב geige.gif
102.04.25 16:16 B C:\אתר מקהלת יואב\ghost.gif --> www.zafit.kefar-menahem.k12.il /public_html/amalia/אתר מקהלת יואב ghost.gif
102.04.25 16:16 B C:\אתר מקהלת יואב\grigperformance.jpg --> www.zafit.kefar-menahem.k12.il /public_html/amalia/אתר מקהלת יואב grigperformance.jpg
102.04.25 16:16 B C:\אתר מקהלת יואב\hebhome.htm --> www.zafit.kefar-menahem.k12.il /public_html/amalia/אתר מקהלת יואב hebhome.htm
102.04.25 16:16 B C:\אתר מקהלת יואב\index.htm --> www.zafit.kefar-menahem.k12.il /public_html/amalia/אתר מקהלת יואב index.htm
102.04.25 16:16 B C:\אתר מקהלת יואב\jenelose.mid --> www.zafit.kefar-menahem.k12.il /public_html/amalia/אתר מקהלת יואב jenelose.mid
102.04.25 16:16 B C:\אתר מקהלת יואב\lightningstrike.gif --> www.zafit.kefar-menahem.k12.il /public_html/amalia/אתר מקהלת יואב lightningstrike.gif
102.04.25 16:16 B C:\אתר מקהלת יואב\links.1.gif --> www.zafit.kefar-menahem.k12.il /public_html/amalia/אתר מקהלת יואב links.1.gif
102.04.25 16:16 B C:\אתר מקהלת יואב\links.htm --> www.zafit.kefar-menahem.k12.il /public_html/amalia/אתר מקהלת יואב links.htm
102.04.25 16:16 B C:\אתר מקהלת יואב\M0ptcr1n.gif --> www.zafit.kefar-menahem.k12.il /public_html/amalia/אתר מקהלת יואב M0ptcr1n.gif
102.04.25 16:16 B C:\אתר מקהלת יואב\MailA281.gif --> www.zafit.kefar-menahem.k12.il /public_html/amalia/אתר מקהלת יואב MailA281.gif
102.04.25 16:16 B C:\אתר מקהלת יואב\mother, I will.nwc --> www.zafit.kefar-menahem.k12.il /public_html/amalia/אתר מקהלת יואב mother, I will.nwc
102.04.25 16:16 B C:\אתר מקהלת יואב\Mozgm01.mid --> www.zafit.kefar-menahem.k12.il /public_html/amalia/אתר מקהלת יואב Mozgm01.mid
102.04.25 16:16 B C:\אתר מקהלת יואב\norway.htm --> www.zafit.kefar-menahem.k12.il /public_html/amalia/אתר מקהלת יואב norway.htm
102.04.25 16:16 B C:\אתר מקהלת יואב\planet.gif --> www.zafit.kefar-menahem.k12.il /public_html/amalia/אתר מקהלת יואב planet.gif
102.04.25 16:16 B C:\אתר מקהלת יואב\pspbrwse.jbf --> www.zafit.kefar-menahem.k12.il /public_html/amalia/אתר מקהלת יואב pspbrwse.jbf
102.04.25 16:16 B C:\אתר מקהלת יואב\repertoir.htm --> www.zafit.kefar-menahem.k12.il /public_html/amalia/אתר מקהלת יואב repertoir.htm
102.04.25 16:16 B C:\אתר מקהלת יואב\search.htm --> www.zafit.kefar-menahem.k12.il /public_html/amalia/אתר מקהלת יואב search.htm
102.04.25 16:16 B C:\אתר מקהלת יואב\semel.gif --> www.zafit.kefar-menahem.k12.il /public_html/amalia/אתר מקהלת יואב semel.gif
102.04.25 16:16 B C:\אתר מקהלת יואב\speakeranim.gif --> www.zafit.kefar-menahem.k12.il /public_html/amalia/אתר מקהלת יואב speakeranim.gif
102.04.25 16:16 B C:\אתר מקהלת יואב\swami.gif --> www.zafit.kefar-menahem.k12.il /public_html/amalia/אתר מקהלת יואב swami.gif
102.04.25 16:16 B C:\אתר מקהלת יואב\tachol.gif --> www.zafit.kefar-menahem.k12.il /public_html/amalia/אתר מקהלת יואב tachol.gif
102.04.25 16:16 B C:\אתר מקהלת יואב\tommy.gif --> www.zafit.kefar-menahem.k12.il /public_html/amalia/אתר מקהלת יואב tommy.gif
102.04.25 16:16 B C:\אתר מקהלת יואב\Walla.gif --> www.zafit.kefar-menahem.k12.il /public_html/amalia/אתר מקהלת יואב Walla.gif
102.04.25 16:16 B C:\אתר מקהלת יואב\weltrain1.gif --> www.zafit.kefar-menahem.k12.il /public_html/amalia/אתר מקהלת יואב weltrain1.gif
102.09.14 23:07 B D:\אתר מקהלת יואב\WS_FTP.LOG <-- zafit /public_html/amalia/אתר מקהלת יואב WS_FTP.LOG
102.09.14 23:07 B D:\אתר מקהלת יואב\Yoav.gif <-- zafit /public_html/amalia/אתר מקהלת יואב Yoav.gif
109.08.16 01:53 B E:\אתר מקהלת יואב\10ldhipy.gif --> ftp.yoavchoir.com /yoav_choir 10ldhipy.gif
109.08.16 01:53 B E:\אתר מקהלת יואב\about.htm --> ftp.yoavchoir.com /yoav_choir about.htm
109.08.16 01:53 B E:\אתר מקהלת יואב\about_heb.htm --> ftp.yoavchoir.com /yoav_choir about_heb.htm
109.08.16 01:53 B E:\אתר מקהלת יואב\ag_whack.gif --> ftp.yoavchoir.com /yoav_choir ag_whack.gif
109.08.16 01:53 B E:\אתר מקהלת יואב\asp005.gif --> ftp.yoavchoir.com /yoav_choir asp005.gif
109.08.16 01:53 B E:\אתר מקהלת יואב\Assa.gif --> ftp.yoavchoir.com /yoav_choir Assa.gif
109.08.16 01:53 B E:\אתר מקהלת יואב\assa_heb.htm --> ftp.yoavchoir.com /yoav_choir assa_heb.htm
109.08.16 01:53 B E:\אתר מקהלת יואב\Atarim.gif --> ftp.yoavchoir.com /yoav_choir Atarim.gif
109.08.16 01:53 B E:\אתר מקהלת יואב\Aveverum.ra --> ftp.yoavchoir.com /yoav_choir Aveverum.ra
109.08.16 01:53 B E:\אתר מקהלת יואב\beau2.gif --> ftp.yoavchoir.com /yoav_choir beau2.gif
109.08.16 01:53 B E:\אתר מקהלת יואב\bet_govrin2005.htm --> ftp.yoavchoir.com /yoav_choir bet_govrin2005.htm
109.08.16 01:53 B E:\אתר מקהלת יואב\bookqury.gif --> ftp.yoavchoir.com /yoav_choir bookqury.gif
109.08.16 01:53 B E:\אתר מקהלת יואב\cd-hebrew.htm --> ftp.yoavchoir.com /yoav_choir cd-hebrew.htm
109.08.16 01:53 B E:\אתר מקהלת יואב\cd.htm --> ftp.yoavchoir.com /yoav_choir cd.htm
109.08.16 01:53 B E:\אתר מקהלת יואב\choralnt.gif --> ftp.yoavchoir.com /yoav_choir choralnt.gif
109.08.16 01:53 B E:\אתר מקהלת יואב\Con_Sabor_trans.doc --> ftp.yoavchoir.com /yoav_choir Con_Sabor_trans.doc
109.08.16 01:53 B E:\אתר מקהלת יואב\concerts.htm --> ftp.yoavchoir.com /yoav_choir concerts.htm
109.08.16 01:53 B E:\אתר מקהלת יואב\conductor.htm --> ftp.yoavchoir.com /yoav_choir conductor.htm
109.08.16 01:53 B E:\אתר מקהלת יואב\downloads.htm --> ftp.yoavchoir.com /yoav_choir downloads.htm
109.08.16 01:53 B E:\אתר מקהלת יואב\eclogo6.gif --> ftp.yoavchoir.com /yoav_choir eclogo6.gif
109.08.16 01:53 B E:\אתר מקהלת יואב\elegia_words.doc --> ftp.yoavchoir.com /yoav_choir elegia_words.doc
109.08.16 01:53 B E:\אתר מקהלת יואב\faurcant.mid --> ftp.yoavchoir.com /yoav_choir faurcant.mid
109.08.16 01:53 B E:\אתר מקהלת יואב\galery.htm --> ftp.yoavchoir.com /yoav_choir galery.htm
109.08.16 01:53 B E:\אתר מקהלת יואב\gc_icon.gif --> ftp.yoavchoir.com /yoav_choir gc_icon.gif
109.08.16 01:53 B E:\אתר מקהלת יואב\geige.gif --> ftp.yoavchoir.com /yoav_choir geige.gif
109.08.16 01:53 B E:\אתר מקהלת יואב\ghost.gif --> ftp.yoavchoir.com /yoav_choir ghost.gif
109.08.16 01:53 B E:\אתר מקהלת יואב\grigperformance.jpg --> ftp.yoavchoir.com /yoav_choir grigperformance.jpg
109.08.16 01:53 B E:\אתר מקהלת יואב\index.htm --> ftp.yoavchoir.com /yoav_choir index.htm
109.08.16 01:54 B E:\אתר מקהלת יואב\issue1.doc --> ftp.yoavchoir.com /yoav_choir issue1.doc
109.08.16 01:54 B E:\אתר מקהלת יואב\jenelose.mid --> ftp.yoavchoir.com /yoav_choir jenelose.mid
109.08.16 01:54 B E:\אתר מקהלת יואב\lightningstrike.gif --> ftp.yoavchoir.com /yoav_choir lightningstrike.gif
109.08.16 01:54 B E:\אתר מקהלת יואב\links.1.gif --> ftp.yoavchoir.com /yoav_choir links.1.gif
109.08.16 01:54 B E:\אתר מקהלת יואב\links.htm --> ftp.yoavchoir.com /yoav_choir links.htm
109.08.16 01:54 B E:\אתר מקהלת יואב\M0pt7kju.gif --> ftp.yoavchoir.com /yoav_choir M0pt7kju.gif
109.08.16 01:54 B E:\אתר מקהלת יואב\M0ptcr1n.gif --> ftp.yoavchoir.com /yoav_choir M0ptcr1n.gif
109.08.16 01:54 B E:\אתר מקהלת יואב\MailA281.gif --> ftp.yoavchoir.com /yoav_choir MailA281.gif
109.08.16 01:54 B E:\אתר מקהלת יואב\mother, I will.nwc --> ftp.yoavchoir.com /yoav_choir mother, I will.nwc
109.08.16 01:55 B E:\אתר מקהלת יואב\index.html --> ftp.yoavchoir.com /yoav_choir index.html
109.08.16 02:01 B E:\אתר מקהלת יואב\index.html --> ftp.yoavchoir.com /yoav_choir index.html
109.08.16 02:02 B E:\אתר מקהלת יואב\index.html --> ftp.yoavchoir.com /yoav_choir index.html
109.08.16 02:03 B E:\אתר מקהלת יואב\index.html --> ftp.yoavchoir.com /yoav_choir index.html
109.08.16 02:05 B E:\אתר מקהלת יואב\index.html --> ftp.yoavchoir.com /yoav_choir index.html
109.08.25 00:51 B E:\אתר מקהלת יואב\index.html --> ftp.yoavchoir.com /yoav_choir index.html
109.08.25 00:52 B E:\אתר מקהלת יואב\downloads.htm --> ftp.yoavchoir.com /yoav_choir downloads.htm
109.08.25 01:50 B E:\אתר מקהלת יואב\downloads.htm --> ftp.yoavchoir.com /yoav_choir downloads.htm
109.09.12 01:38 B E:\אתר מקהלת יואב\downloads.htm --> ftp.yoavchoir.com /yoav_choir downloads.htm
109.09.12 01:38 B E:\אתר מקהלת יואב\index.html --> ftp.yoavchoir.com /yoav_choir index.html
109.09.12 01:38 B E:\אתר מקהלת יואב\repertoir.htm --> ftp.yoavchoir.com /yoav_choir repertoir.htm
109.10.08 18:58 B E:\אתר מקהלת יואב\downloads1.htm --> ftp.yoavchoir.com /yoav_choir downloads1.htm
109.10.08 18:58 B E:\אתר מקהלת יואב\downloads2.htm --> ftp.yoavchoir.com /yoav_choir downloads2.htm
109.10.08 18:58 B E:\אתר מקהלת יואב\downloads3.htm --> ftp.yoavchoir.com /yoav_choir downloads3.htm
109.10.08 18:58 B E:\אתר מקהלת יואב\index.html --> ftp.yoavchoir.com /yoav_choir index.html
109.10.08 19:12 B E:\אתר מקהלת יואב\downloads3.htm --> ftp.yoavchoir.com /yoav_choir downloads3.htm
109.10.08 19:32 B E:\אתר מקהלת יואב\downloads3.htm --> ftp.yoavchoir.com /yoav_choir downloads3.htm
109.10.08 19:53 B E:\אתר מקהלת יואב\downloads1.htm --> ftp.yoavchoir.com /yoav_choir downloads1.htm
109.10.08 19:53 B E:\אתר מקהלת יואב\downloads3.htm --> ftp.yoavchoir.com /yoav_choir downloads3.htm
109.10.08 20:20 B E:\אתר מקהלת יואב\downloads3.htm --> ftp.yoavchoir.com /yoav_choir downloads3.htm
109.10.08 20:35 B E:\אתר מקהלת יואב\downloads3.htm --> ftp.yoavchoir.com /yoav_choir downloads3.htm
109.11.06 15:24 B E:\אתר מקהלת יואב\downloads3.htm --> ftp.yoavchoir.com /yoav_choir downloads3.htm
109.11.06 15:24 B E:\אתר מקהלת יואב\index.html --> ftp.yoavchoir.com /yoav_choir index.html
109.11.25 15:40 B E:\אתר מקהלת יואב\semel.gif --> ftp.yoavchoir.com /yoav_choir semel.gif
109.11.25 15:40 B E:\אתר מקהלת יואב\shimon_en.htm --> ftp.yoavchoir.com /yoav_choir shimon_en.htm
109.11.25 15:40 B E:\אתר מקהלת יואב\shimon_he.htm --> ftp.yoavchoir.com /yoav_choir shimon_he.htm
109.11.25 15:40 B E:\אתר מקהלת יואב\speakeranim.gif --> ftp.yoavchoir.com /yoav_choir speakeranim.gif
109.11.25 15:40 B E:\אתר מקהלת יואב\swami.gif --> ftp.yoavchoir.com /yoav_choir swami.gif
109.11.25 15:40 B E:\אתר מקהלת יואב\tachol.gif --> ftp.yoavchoir.com /yoav_choir tachol.gif
109.11.25 15:40 B E:\אתר מקהלת יואב\tommy.gif --> ftp.yoavchoir.com /yoav_choir tommy.gif
109.11.25 15:40 B E:\אתר מקהלת יואב\Walla.gif --> ftp.yoavchoir.com /yoav_choir Walla.gif
109.11.25 15:40 B E:\אתר מקהלת יואב\weltrain1.gif --> ftp.yoavchoir.com /yoav_choir weltrain1.gif
109.11.25 15:40 B E:\אתר מקהלת יואב\Yoav.gif --> ftp.yoavchoir.com /yoav_choir Yoav.gif
109.11.25 15:40 B E:\אתר מקהלת יואב\yougurt.jpg --> ftp.yoavchoir.com /yoav_choir yougurt.jpg
110.02.04 23:29 B E:\אתר מקהלת יואב\downloads3.htm --> ftp.yoavchoir.com /yoav_choir downloads3.htm
110.02.04 23:29 B E:\אתר מקהלת יואב\index.html --> ftp.yoavchoir.com /yoav_choir index.html
110.06.10 00:20 B E:\אתר מקהלת יואב\downloads3.htm --> ftp.yoavchoir.com /yoav_choir downloads3.htm
110.06.10 00:20 B E:\אתר מקהלת יואב\index.html --> ftp.yoavchoir.com /yoav_choir index.html
110.06.10 00:30 B E:\אתר מקהלת יואב\downloads3.htm --> ftp.yoavchoir.com /yoav_choir downloads3.htm
110.09.12 22:41 B E:\אתר מקהלת יואב\downloads3.htm --> ftp.yoavchoir.com /yoav_choir downloads3.htm
110.09.12 22:41 B E:\אתר מקהלת יואב\index.html --> ftp.yoavchoir.com /yoav_choir index.html
110.09.15 21:55 B E:\אתר מקהלת יואב\downloads3.htm --> ftp.yoavchoir.com /yoav_choir downloads3.htm
110.09.15 21:55 B E:\אתר מקהלת יואב\index.html --> ftp.yoavchoir.com /yoav_choir index.html
110.09.15 22:04 B E:\אתר מקהלת יואב\downloads3.htm --> ftp.yoavchoir.com /yoav_choir downloads3.htm
110.10.07 19:56 B E:\אתר מקהלת יואב\downloads3.htm --> ftp.yoavchoir.com /yoav_choir downloads3.htm
110.10.07 19:56 B E:\אתר מקהלת יואב\index.html --> ftp.yoavchoir.com /yoav_choir index.html
110.10.29 16:34 B E:\אתר מקהלת יואב\downloads3.htm --> ftp.yoavchoir.com /yoav_choir downloads3.htm
110.10.29 16:35 B E:\אתר מקהלת יואב\index.html --> ftp.yoavchoir.com /yoav_choir index.html
111.01.17 00:23 B E:\אתר מקהלת יואב\downloads3.htm --> ftp.yoavchoir.com /yoav_choir downloads3.htm
111.01.17 00:23 B E:\אתר מקהלת יואב\index.html --> ftp.yoavchoir.com /yoav_choir index.html
111.01.17 00:33 B E:\אתר מקהלת יואב\index.html --> ftp.yoavchoir.com /yoav_choir index.html
111.01.17 00:34 B E:\אתר מקהלת יואב\norway.htm --> ftp.yoavchoir.com /yoav_choir norway.htm
111.01.17 00:36 B E:\אתר מקהלת יואב\norway.htm --> ftp.yoavchoir.com /yoav_choir norway.htm
111.01.17 00:39 B E:\אתר מקהלת יואב\galery.htm --> ftp.yoavchoir.com /yoav_choir galery.htm
111.06.06 00:05 B E:\אתר מקהלת יואב\downloads3.htm --> ftp.yoavchoir.com /yoav_choir downloads3.htm
111.06.06 00:05 B E:\אתר מקהלת יואב\index.html --> ftp.yoavchoir.com /yoav_choir index.html
111.06.10 15:29 B E:\אתר מקהלת יואב\downloads3.htm --> ftp.yoavchoir.com /yoav_choir downloads3.htm
111.06.10 15:29 B E:\אתר מקהלת יואב\index.html --> ftp.yoavchoir.com /yoav_choir index.html
111.06.10 15:38 B E:\אתר מקהלת יואב\downloads3.htm --> ftp.yoavchoir.com /yoav_choir downloads3.htm
111.06.10 15:43 B E:\אתר מקהלת יואב\index.html --> ftp.yoavchoir.com /yoav_choir index.html
111.08.12 09:35 B E:\אתר מקהלת יואב\about.htm --> ftp.yoavchoir.com /yoav_choir about.htm
111.08.12 09:35 B E:\אתר מקהלת יואב\about_heb.htm --> ftp.yoavchoir.com /yoav_choir about_heb.htm
111.08.12 09:35 B E:\אתר מקהלת יואב\index.html --> ftp.yoavchoir.com /yoav_choir index.html
111.08.12 09:35 B E:\אתר מקהלת יואב\mp3_files.htm --> ftp.yoavchoir.com /yoav_choir mp3_files.htm
111.08.12 09:35 B E:\אתר מקהלת יואב\mp3files_heb.htm --> ftp.yoavchoir.com /yoav_choir mp3files_heb.htm
111.08.12 09:35 B E:\אתר מקהלת יואב\shimon_en.htm --> ftp.yoavchoir.com /yoav_choir shimon_en.htm
111.08.12 09:35 B E:\אתר מקהלת יואב\shimon_he.htm --> ftp.yoavchoir.com /yoav_choir shimon_he.htm
111.08.12 09:38 B E:\אתר מקהלת יואב\index.html --> ftp.yoavchoir.com /yoav_choir index.html
111.08.12 09:39 B E:\אתר מקהלת יואב\index.html --> ftp.yoavchoir.com /yoav_choir index.html
111.08.12 12:14 B E:\אתר מקהלת יואב\index.html --> ftp.yoavchoir.com /yoav_choir index.html
111.08.12 12:23 B E:\אתר מקהלת יואב\index.html --> ftp.yoavchoir.com /yoav_choir index.html
111.08.12 23:47 B E:\אתר מקהלת יואב\mp3_files.htm --> ftp.yoavchoir.com /yoav_choir mp3_files.htm
111.08.12 23:47 B E:\אתר מקהלת יואב\mp3files_heb.htm --> ftp.yoavchoir.com /yoav_choir mp3files_heb.htm
111.08.13 09:46 B E:\אתר מקהלת יואב\concerts.htm --> ftp.yoavchoir.com /yoav_choir concerts.htm
111.08.13 09:49 B E:\אתר מקהלת יואב\mp3_files.htm --> ftp.yoavchoir.com /yoav_choir mp3_files.htm
111.08.13 09:49 B E:\אתר מקהלת יואב\mp3files_heb.htm --> ftp.yoavchoir.com /yoav_choir mp3files_heb.htm
111.08.13 09:53 B E:\אתר מקהלת יואב\mp3_files.htm --> ftp.yoavchoir.com /yoav_choir mp3_files.htm
111.08.13 09:53 B E:\אתר מקהלת יואב\mp3files_heb.htm --> ftp.yoavchoir.com /yoav_choir mp3files_heb.htm
111.08.17 22:54 B E:\אתר מקהלת יואב\downloads3.htm --> ftp.yoavchoir.com /yoav_choir downloads3.htm
111.08.17 22:54 B E:\אתר מקהלת יואב\index.html --> ftp.yoavchoir.com /yoav_choir index.html
111.08.22 23:28 B E:\אתר מקהלת יואב\downloads3.htm --> ftp.yoavchoir.com /yoav_choir downloads3.htm
111.08.22 23:29 B E:\אתר מקהלת יואב\index.html --> ftp.yoavchoir.com /yoav_choir index.html
111.08.22 23:32 B E:\אתר מקהלת יואב\downloads3.htm --> ftp.yoavchoir.com /yoav_choir downloads3.htm
111.08.22 23:33 B E:\אתר מקהלת יואב\downloads3.htm --> ftp.yoavchoir.com /yoav_choir downloads3.htm
111.08.22 23:37 B E:\אתר מקהלת יואב\downloads3.htm --> ftp.yoavchoir.com /yoav_choir downloads3.htm
111.09.10 10:24 B E:\אתר מקהלת יואב\downloads3.htm --> ftp.yoavchoir.com /yoav_choir downloads3.htm
111.09.10 10:24 B E:\אתר מקהלת יואב\index.html --> ftp.yoavchoir.com /yoav_choir index.html
111.09.10 10:24 B E:\אתר מקהלת יואב\shimon_en.htm --> ftp.yoavchoir.com /yoav_choir shimon_en.htm
111.09.10 10:24 B E:\אתר מקהלת יואב\shimon_he.htm --> ftp.yoavchoir.com /yoav_choir shimon_he.htm
111.09.10 10:24 B E:\אתר מקהלת יואב\downloads3.htm --> ftp.yoavchoir.com /yoav_choir downloads3.htm
111.09.10 10:25 B E:\אתר מקהלת יואב\index.html --> ftp.yoavchoir.com /yoav_choir index.html
111.09.10 10:25 B E:\אתר מקהלת יואב\shimon_en.htm --> ftp.yoavchoir.com /yoav_choir shimon_en.htm
111.09.10 10:25 B E:\אתר מקהלת יואב\shimon_he.htm --> ftp.yoavchoir.com /yoav_choir shimon_he.htm
111.09.10 10:25 B E:\אתר מקהלת יואב\shimon_en.htm --> ftp.yoavchoir.com /yoav_choir shimon_en.htm
111.09.10 10:25 B E:\אתר מקהלת יואב\shimon_he.htm --> ftp.yoavchoir.com /yoav_choir shimon_he.htm
111.09.10 10:27 B E:\אתר מקהלת יואב\shimon_en.htm --> ftp.yoavchoir.com /yoav_choir shimon_en.htm
111.09.10 10:27 B E:\אתר מקהלת יואב\shimon_he.htm --> ftp.yoavchoir.com /yoav_choir shimon_he.htm
111.09.10 10:29 B E:\אתר מקהלת יואב\downloads3.htm --> ftp.yoavchoir.com /yoav_choir downloads3.htm
111.09.14 23:45 B E:\אתר מקהלת יואב\downloads3.htm --> ftp.yoavchoir.com /yoav_choir downloads3.htm
111.09.14 23:45 B E:\אתר מקהלת יואב\index.html --> ftp.yoavchoir.com /yoav_choir index.html
111.09.15 00:05 B E:\אתר מקהלת יואב\downloads3.htm --> ftp.yoavchoir.com /yoav_choir downloads3.htm
111.09.18 09:29 B E:\אתר מקהלת יואב\downloads3.htm --> ftp.yoavchoir.com /yoav_choir downloads3.htm
111.10.02 07:21 B E:\אתר מקהלת יואב\downloads3.htm --> ftp.yoavchoir.com /yoav_choir downloads3.htm
111.10.02 07:21 B E:\אתר מקהלת יואב\index.html --> ftp.yoavchoir.com /yoav_choir index.html
111.10.02 07:28 B E:\אתר מקהלת יואב\downloads3.htm --> ftp.yoavchoir.com /yoav_choir downloads3.htm
111.10.02 07:32 B E:\אתר מקהלת יואב\downloads3.htm --> ftp.yoavchoir.com /yoav_choir downloads3.htm
111.10.31 22:13 B E:\אתר מקהלת יואב\downloads3.htm --> ftp.yoavchoir.com /yoav_choir downloads3.htm
111.10.31 22:14 B E:\אתר מקהלת יואב\index.html --> ftp.yoavchoir.com /yoav_choir index.html
111.11.02 17:53 B E:\אתר מקהלת יואב\mp3_files.htm --> ftp.yoavchoir.com /yoav_choir mp3_files.htm
111.11.02 17:53 B E:\אתר מקהלת יואב\mp3files_heb.htm --> ftp.yoavchoir.com /yoav_choir mp3files_heb.htm
111.12.24 12:24 B E:\אתר מקהלת יואב\index.html --> ftp.yoavchoir.com /yoav_choir index.html
111.12.24 12:25 B E:\אתר מקהלת יואב\index.html --> ftp.yoavchoir.com /yoav_choir index.html
111.12.24 12:26 B E:\אתר מקהלת יואב\index.html --> ftp.yoavchoir.com /yoav_choir index.html
111.12.24 12:28 B E:\אתר מקהלת יואב\downloads.htm --> ftp.yoavchoir.com /yoav_choir downloads.htm
111.12.24 12:28 B E:\אתר מקהלת יואב\downloads2.htm --> ftp.yoavchoir.com /yoav_choir downloads2.htm
112.02.16 18:21 B E:\אתר מקהלת יואב\downloads3.htm --> ftp.yoavchoir.com /yoav_choir downloads3.htm
112.02.16 18:21 B E:\אתר מקהלת יואב\index.html --> ftp.yoavchoir.com /yoav_choir index.html
112.02.16 18:22 B E:\אתר מקהלת יואב\index.html --> ftp.yoavchoir.com /yoav_choir index.html
112.02.16 18:26 B E:\אתר מקהלת יואב\downloads3.htm --> ftp.yoavchoir.com /yoav_choir downloads3.htm
112.04.12 14:42 B E:\אתר מקהלת יואב\index.html --> ftp.yoavchoir.com /yoav_choir index.html
112.04.12 14:42 B E:\אתר מקהלת יואב\index.html --> ftp.yoavchoir.com /yoav_choir index.html
112.04.12 14:44 B E:\אתר מקהלת יואב\downloads2.htm --> ftp.yoavchoir.com /yoav_choir downloads2.htm
112.06.20 09:40 B E:\אתר מקהלת יואב\downloads.htm --> ftp.yoavchoir.com / downloads.htm
112.06.20 09:40 B E:\אתר מקהלת יואב\downloads3.htm --> ftp.yoavchoir.com / downloads3.htm
112.06.20 09:41 B E:\אתר מקהלת יואב\index.html --> ftp.yoavchoir.com / index.html
112.06.20 09:41 B E:\אתר מקהלת יואב\ireland.htm --> ftp.yoavchoir.com / ireland.htm
112.06.20 09:45 B E:\אתר מקהלת יואב\hoveret_ireland.pdf --> ftp.yoavchoir.com / hoveret_ireland.pdf
112.06.20 09:46 B E:\אתר מקהלת יואב\reshamim.doc --> ftp.yoavchoir.com / reshamim.doc
112.06.20 09:46 B E:\אתר מקהלת יואב\reshamim_alon_km.pdf --> ftp.yoavchoir.com / reshamim_alon_km.pdf
112.06.20 09:47 B E:\אתר מקהלת יואב\zvi_zak.pdf --> ftp.yoavchoir.com / zvi_zak.pdf
112.06.20 09:49 B E:\אתר מקהלת יואב\index.html --> ftp.yoavchoir.com / index.html
112.06.20 10:08 B E:\אתר מקהלת יואב\index.html --> ftp.yoavchoir.com / index.html
112.06.20 10:10 B E:\אתר מקהלת יואב\mp3files_heb.htm --> ftp.yoavchoir.com / mp3files_heb.htm
112.06.20 10:12 B E:\אתר מקהלת יואב\ireland.htm --> ftp.yoavchoir.com / ireland.htm
112.06.20 10:15 B E:\אתר מקהלת יואב\shimon_he.htm --> ftp.yoavchoir.com / shimon_he.htm
112.06.20 10:30 B E:\אתר מקהלת יואב\ireland.htm --> ftp.yoavchoir.com / ireland.htm
112.06.20 10:33 B E:\אתר מקהלת יואב\ireland.htm --> ftp.yoavchoir.com / ireland.htm
112.06.21 10:10 B E:\אתר מקהלת יואב\ireland.htm --> ftp.yoavchoir.com / ireland.htm
112.06.21 10:11 B E:\אתר מקהלת יואב\ag_whack.gif --> ftp.yoavchoir.com / ag_whack.gif
112.06.21 10:11 B E:\אתר מקהלת יואב\anabull1.gif --> ftp.yoavchoir.com / anabull1.gif
112.06.21 10:11 B E:\אתר מקהלת יואב\anabull2.gif --> ftp.yoavchoir.com / anabull2.gif
112.06.21 10:11 B E:\אתר מקהלת יואב\anabull3.gif --> ftp.yoavchoir.com / anabull3.gif
112.06.21 10:12 B E:\אתר מקהלת יואב\ireland.htm --> ftp.yoavchoir.com / ireland.htm
112.06.21 10:36 B E:\אתר מקהלת יואב\ireland.htm --> ftp.yoavchoir.com / ireland.htm
112.06.21 10:38 B E:\אתר מקהלת יואב\natu1011.css --> ftp.yoavchoir.com / natu1011.css
112.06.21 10:48 B E:\אתר מקהלת יואב\ireland.htm --> ftp.yoavchoir.com / ireland.htm
112.07.04 10:07 B E:\אתר מקהלת יואב\index.html --> ftp.yoavchoir.com / index.html
112.07.04 10:09 B E:\אתר מקהלת יואב\downloads3.htm --> ftp.yoavchoir.com / downloads3.htm
112.08.06 19:19 B E:\אתר מקהלת יואב\downloads3.htm --> ftp.yoavchoir.com / downloads3.htm
112.08.06 19:19 B E:\אתר מקהלת יואב\index.html --> ftp.yoavchoir.com / index.html
