100.12.16 14:12 B C:\אתר מקהלת יואב\images\10ldhipy.gif <-- yoav choir /yoav_choir/images 10ldhipy.gif
100.12.16 14:12 B C:\אתר מקהלת יואב\images\about.htm <-- yoav choir /yoav_choir/images about.htm
100.12.16 14:12 B C:\אתר מקהלת יואב\images\ag_whack.gif <-- yoav choir /yoav_choir/images ag_whack.gif
100.12.16 14:12 B C:\אתר מקהלת יואב\images\asp005.gif <-- yoav choir /yoav_choir/images asp005.gif
100.12.16 14:14 B C:\אתר מקהלת יואב\images\Assa.gif <-- yoav choir /yoav_choir/images Assa.gif
100.12.16 14:14 B C:\אתר מקהלת יואב\images\Atarim.gif <-- yoav choir /yoav_choir/images Atarim.gif
100.12.16 14:14 B C:\אתר מקהלת יואב\images\beau2.gif <-- yoav choir /yoav_choir/images beau2.gif
100.12.16 14:14 B C:\אתר מקהלת יואב\images\cardcool.gif <-- yoav choir /yoav_choir/images cardcool.gif
100.12.16 14:14 B C:\אתר מקהלת יואב\images\choralnt.gif <-- yoav choir /yoav_choir/images choralnt.gif
100.12.16 14:15 B C:\אתר מקהלת יואב\images\dood.gif <-- yoav choir /yoav_choir/images dood.gif
100.12.16 14:15 B C:\אתר מקהלת יואב\images\DRILLER.GIF <-- yoav choir /yoav_choir/images DRILLER.GIF
100.12.16 14:15 B C:\אתר מקהלת יואב\images\eclogo6.gif <-- yoav choir /yoav_choir/images eclogo6.gif
100.12.16 14:16 B C:\אתר מקהלת יואב\images\fisherman.jpg <-- yoav choir /yoav_choir/images fisherman.jpg
100.12.16 14:16 B C:\אתר מקהלת יואב\images\gc_icon.gif <-- yoav choir /yoav_choir/images gc_icon.gif
100.12.16 14:16 B C:\אתר מקהלת יואב\images\ghost.gif <-- yoav choir /yoav_choir/images ghost.gif
100.12.16 14:17 B C:\אתר מקהלת יואב\images\grigperformance.jpg <-- yoav choir /yoav_choir/images grigperformance.jpg
100.12.16 14:17 B C:\אתר מקהלת יואב\images\Heb.gif <-- yoav choir /yoav_choir/images Heb.gif
100.12.16 14:18 B C:\אתר מקהלת יואב\images\israel_flag_W.gif <-- yoav choir /yoav_choir/images israel_flag_W.gif
100.12.16 14:20 B C:\אתר מקהלת יואב\images\keshet.jpg <-- yoav choir /yoav_choir/images keshet.jpg
100.12.16 14:20 B C:\אתר מקהלת יואב\images\lightningstrike.gif <-- yoav choir /yoav_choir/images lightningstrike.gif
100.12.16 14:20 B C:\אתר מקהלת יואב\images\links.1.gif <-- yoav choir /yoav_choir/images links.1.gif
100.12.16 14:20 B C:\אתר מקהלת יואב\images\M0ptcr1n.gif <-- yoav choir /yoav_choir/images M0ptcr1n.gif
100.12.16 14:20 B C:\אתר מקהלת יואב\images\MailA281.gif <-- yoav choir /yoav_choir/images MailA281.gif
100.12.16 14:20 B C:\אתר מקהלת יואב\images\manlook.gif <-- yoav choir /yoav_choir/images manlook.gif
100.12.16 14:21 B C:\אתר מקהלת יואב\images\mapalhardenger.jpg <-- yoav choir /yoav_choir/images mapalhardenger.jpg
100.12.16 14:21 B C:\אתר מקהלת יואב\images\musica-mundi.gif <-- yoav choir /yoav_choir/images musica-mundi.gif
100.12.16 14:21 B C:\אתר מקהלת יואב\images\new1.gif <-- yoav choir /yoav_choir/images new1.gif
100.12.16 14:22 B C:\אתר מקהלת יואב\images\nofnearvoss.jpg <-- yoav choir /yoav_choir/images nofnearvoss.jpg
100.12.16 14:22 B C:\אתר מקהלת יואב\images\opus01.gif <-- yoav choir /yoav_choir/images opus01.gif
100.12.16 14:22 B C:\אתר מקהלת יואב\images\opus02.gif <-- yoav choir /yoav_choir/images opus02.gif
100.12.16 14:23 B C:\אתר מקהלת יואב\images\outside.jpg <-- yoav choir /yoav_choir/images outside.jpg
100.12.16 14:23 B C:\אתר מקהלת יואב\images\planet.gif <-- yoav choir /yoav_choir/images planet.gif
100.12.16 14:24 B C:\אתר מקהלת יואב\images\polove2.mid <-- yoav choir /yoav_choir/images polove2.mid
100.12.16 14:25 B C:\אתר מקהלת יואב\images\schoolhamar.jpg <-- yoav choir /yoav_choir/images schoolhamar.jpg
100.12.16 14:26 B C:\אתר מקהלת יואב\images\semel.gif <-- yoav choir /yoav_choir/images semel.gif
100.12.16 14:26 B C:\אתר מקהלת יואב\images\shahar.gif <-- yoav choir /yoav_choir/images shahar.gif
100.12.16 14:26 B C:\אתר מקהלת יואב\images\snoejamne.jpg <-- yoav choir /yoav_choir/images snoejamne.jpg
100.12.16 14:27 B C:\אתר מקהלת יואב\images\Snow.gif <-- yoav choir /yoav_choir/images Snow.gif
100.12.16 14:27 B C:\אתר מקהלת יואב\images\SOUND.GIF <-- yoav choir /yoav_choir/images SOUND.GIF
100.12.16 14:27 B C:\אתר מקהלת יואב\images\speakeranim.gif <-- yoav choir /yoav_choir/images speakeranim.gif
100.12.16 14:28 B C:\אתר מקהלת יואב\images\stavkike.jpg <-- yoav choir /yoav_choir/images stavkike.jpg
100.12.16 14:28 B C:\אתר מקהלת יואב\images\swami.gif <-- yoav choir /yoav_choir/images swami.gif
100.12.16 14:29 B C:\אתר מקהלת יואב\images\synagogue.jpg <-- yoav choir /yoav_choir/images synagogue.jpg
100.12.16 14:30 B C:\אתר מקהלת יואב\images\tommy.gif <-- yoav choir /yoav_choir/images tommy.gif
100.12.16 14:31 B C:\אתר מקהלת יואב\images\universitychoir.jpg <-- yoav choir /yoav_choir/images universitychoir.jpg
100.12.16 14:31 B C:\אתר מקהלת יואב\images\Walla.gif <-- yoav choir /yoav_choir/images Walla.gif
100.12.16 14:31 B C:\אתר מקהלת יואב\images\weltrain1.gif <-- yoav choir /yoav_choir/images weltrain1.gif
100.12.16 14:32 B C:\אתר מקהלת יואב\images\xserf.gif <-- yoav choir /yoav_choir/images xserf.gif
100.12.16 14:33 B C:\אתר מקהלת יואב\images\Yoav.gif <-- yoav choir /yoav_choir/images Yoav.gif
101.06.16 19:15 B C:\אתר מקהלת יואב\images\bookqury.gif --> ftp.geocities.com /yoav_choir/images bookqury.gif
102.04.25 16:14 B C:\אתר מקהלת יואב\images\10ldhipy.gif --> www.zafit.kefar-menahem.k12.il /public_html/amalia/אתר מקהלת יואב/images 10ldhipy.gif
102.04.25 16:14 B C:\אתר מקהלת יואב\images\about.htm --> www.zafit.kefar-menahem.k12.il /public_html/amalia/אתר מקהלת יואב/images about.htm
102.04.25 16:14 B C:\אתר מקהלת יואב\images\ag_whack.gif --> www.zafit.kefar-menahem.k12.il /public_html/amalia/אתר מקהלת יואב/images ag_whack.gif
102.04.25 16:14 B C:\אתר מקהלת יואב\images\asp005.gif --> www.zafit.kefar-menahem.k12.il /public_html/amalia/אתר מקהלת יואב/images asp005.gif
102.04.25 16:14 B C:\אתר מקהלת יואב\images\Assa.gif --> www.zafit.kefar-menahem.k12.il /public_html/amalia/אתר מקהלת יואב/images Assa.gif
102.04.25 16:14 B C:\אתר מקהלת יואב\images\Atarim.gif --> www.zafit.kefar-menahem.k12.il /public_html/amalia/אתר מקהלת יואב/images Atarim.gif
102.04.25 16:14 B C:\אתר מקהלת יואב\images\beau2.gif --> www.zafit.kefar-menahem.k12.il /public_html/amalia/אתר מקהלת יואב/images beau2.gif
102.04.25 16:14 B C:\אתר מקהלת יואב\images\bookqury.gif --> www.zafit.kefar-menahem.k12.il /public_html/amalia/אתר מקהלת יואב/images bookqury.gif
102.04.25 16:14 B C:\אתר מקהלת יואב\images\cardcool.gif --> www.zafit.kefar-menahem.k12.il /public_html/amalia/אתר מקהלת יואב/images cardcool.gif
102.04.25 16:14 B C:\אתר מקהלת יואב\images\choralnt.gif --> www.zafit.kefar-menahem.k12.il /public_html/amalia/אתר מקהלת יואב/images choralnt.gif
102.04.25 16:14 B C:\אתר מקהלת יואב\images\dood.gif --> www.zafit.kefar-menahem.k12.il /public_html/amalia/אתר מקהלת יואב/images dood.gif
102.04.25 16:14 B C:\אתר מקהלת יואב\images\DRILLER.GIF --> www.zafit.kefar-menahem.k12.il /public_html/amalia/אתר מקהלת יואב/images DRILLER.GIF
102.04.25 16:14 B C:\אתר מקהלת יואב\images\eclogo6.gif --> www.zafit.kefar-menahem.k12.il /public_html/amalia/אתר מקהלת יואב/images eclogo6.gif
102.04.25 16:14 B C:\אתר מקהלת יואב\images\fisherman.jpg --> www.zafit.kefar-menahem.k12.il /public_html/amalia/אתר מקהלת יואב/images fisherman.jpg
102.04.25 16:14 B C:\אתר מקהלת יואב\images\gc_icon.gif --> www.zafit.kefar-menahem.k12.il /public_html/amalia/אתר מקהלת יואב/images gc_icon.gif
102.04.25 16:14 B C:\אתר מקהלת יואב\images\ghost.gif --> www.zafit.kefar-menahem.k12.il /public_html/amalia/אתר מקהלת יואב/images ghost.gif
102.04.25 16:14 B C:\אתר מקהלת יואב\images\grigperformance.jpg --> www.zafit.kefar-menahem.k12.il /public_html/amalia/אתר מקהלת יואב/images grigperformance.jpg
102.04.25 16:14 B C:\אתר מקהלת יואב\images\Heb.gif --> www.zafit.kefar-menahem.k12.il /public_html/amalia/אתר מקהלת יואב/images Heb.gif
102.04.25 16:14 B C:\אתר מקהלת יואב\images\israel_flag_W.gif --> www.zafit.kefar-menahem.k12.il /public_html/amalia/אתר מקהלת יואב/images israel_flag_W.gif
102.04.25 16:14 B C:\אתר מקהלת יואב\images\keshet.jpg --> www.zafit.kefar-menahem.k12.il /public_html/amalia/אתר מקהלת יואב/images keshet.jpg
102.04.25 16:14 B C:\אתר מקהלת יואב\images\lightningstrike.gif --> www.zafit.kefar-menahem.k12.il /public_html/amalia/אתר מקהלת יואב/images lightningstrike.gif
102.04.25 16:14 B C:\אתר מקהלת יואב\images\links.1.gif --> www.zafit.kefar-menahem.k12.il /public_html/amalia/אתר מקהלת יואב/images links.1.gif
102.04.25 16:14 B C:\אתר מקהלת יואב\images\M0ptcr1n.gif --> www.zafit.kefar-menahem.k12.il /public_html/amalia/אתר מקהלת יואב/images M0ptcr1n.gif
102.04.25 16:14 B C:\אתר מקהלת יואב\images\MailA281.gif --> www.zafit.kefar-menahem.k12.il /public_html/amalia/אתר מקהלת יואב/images MailA281.gif
102.04.25 16:14 B C:\אתר מקהלת יואב\images\manlook.gif --> www.zafit.kefar-menahem.k12.il /public_html/amalia/אתר מקהלת יואב/images manlook.gif
102.04.25 16:14 B C:\אתר מקהלת יואב\images\mapalhardenger.jpg --> www.zafit.kefar-menahem.k12.il /public_html/amalia/אתר מקהלת יואב/images mapalhardenger.jpg
102.04.25 16:14 B C:\אתר מקהלת יואב\images\musica-mundi.gif --> www.zafit.kefar-menahem.k12.il /public_html/amalia/אתר מקהלת יואב/images musica-mundi.gif
102.04.25 16:14 B C:\אתר מקהלת יואב\images\new1.gif --> www.zafit.kefar-menahem.k12.il /public_html/amalia/אתר מקהלת יואב/images new1.gif
102.04.25 16:14 B C:\אתר מקהלת יואב\images\nofnearvoss.jpg --> www.zafit.kefar-menahem.k12.il /public_html/amalia/אתר מקהלת יואב/images nofnearvoss.jpg
102.04.25 16:14 B C:\אתר מקהלת יואב\images\opus01.gif --> www.zafit.kefar-menahem.k12.il /public_html/amalia/אתר מקהלת יואב/images opus01.gif
102.04.25 16:14 B C:\אתר מקהלת יואב\images\opus02.gif --> www.zafit.kefar-menahem.k12.il /public_html/amalia/אתר מקהלת יואב/images opus02.gif
102.04.25 16:14 B C:\אתר מקהלת יואב\images\outside.jpg --> www.zafit.kefar-menahem.k12.il /public_html/amalia/אתר מקהלת יואב/images outside.jpg
102.04.25 16:14 B C:\אתר מקהלת יואב\images\planet.gif --> www.zafit.kefar-menahem.k12.il /public_html/amalia/אתר מקהלת יואב/images planet.gif
102.04.25 16:14 B C:\אתר מקהלת יואב\images\polove2.mid --> www.zafit.kefar-menahem.k12.il /public_html/amalia/אתר מקהלת יואב/images polove2.mid
102.04.25 16:14 B C:\אתר מקהלת יואב\images\schoolhamar.jpg --> www.zafit.kefar-menahem.k12.il /public_html/amalia/אתר מקהלת יואב/images schoolhamar.jpg
102.04.25 16:14 B C:\אתר מקהלת יואב\images\semel.gif --> www.zafit.kefar-menahem.k12.il /public_html/amalia/אתר מקהלת יואב/images semel.gif
102.04.25 16:14 B C:\אתר מקהלת יואב\images\shahar.gif --> www.zafit.kefar-menahem.k12.il /public_html/amalia/אתר מקהלת יואב/images shahar.gif
102.04.25 16:14 B C:\אתר מקהלת יואב\images\snoejamne.jpg --> www.zafit.kefar-menahem.k12.il /public_html/amalia/אתר מקהלת יואב/images snoejamne.jpg
102.04.25 16:14 B C:\אתר מקהלת יואב\images\Snow.gif --> www.zafit.kefar-menahem.k12.il /public_html/amalia/אתר מקהלת יואב/images Snow.gif
102.04.25 16:14 B C:\אתר מקהלת יואב\images\SOUND.GIF --> www.zafit.kefar-menahem.k12.il /public_html/amalia/אתר מקהלת יואב/images SOUND.GIF
102.04.25 16:14 B C:\אתר מקהלת יואב\images\speakeranim.gif --> www.zafit.kefar-menahem.k12.il /public_html/amalia/אתר מקהלת יואב/images speakeranim.gif
102.04.25 16:14 B C:\אתר מקהלת יואב\images\stavkike.jpg --> www.zafit.kefar-menahem.k12.il /public_html/amalia/אתר מקהלת יואב/images stavkike.jpg
102.04.25 16:14 B C:\אתר מקהלת יואב\images\swami.gif --> www.zafit.kefar-menahem.k12.il /public_html/amalia/אתר מקהלת יואב/images swami.gif
102.04.25 16:14 B C:\אתר מקהלת יואב\images\synagogue.jpg --> www.zafit.kefar-menahem.k12.il /public_html/amalia/אתר מקהלת יואב/images synagogue.jpg
102.04.25 16:14 B C:\אתר מקהלת יואב\images\tommy.gif --> www.zafit.kefar-menahem.k12.il /public_html/amalia/אתר מקהלת יואב/images tommy.gif
102.04.25 16:14 B C:\אתר מקהלת יואב\images\universitychoir.jpg --> www.zafit.kefar-menahem.k12.il /public_html/amalia/אתר מקהלת יואב/images universitychoir.jpg
102.04.25 16:14 B C:\אתר מקהלת יואב\images\Walla.gif --> www.zafit.kefar-menahem.k12.il /public_html/amalia/אתר מקהלת יואב/images Walla.gif
102.04.25 16:14 B C:\אתר מקהלת יואב\images\weltrain1.gif --> www.zafit.kefar-menahem.k12.il /public_html/amalia/אתר מקהלת יואב/images weltrain1.gif
102.09.14 23:06 B D:\אתר מקהלת יואב\images\WS_FTP.LOG <-- zafit /public_html/amalia/אתר מקהלת יואב/images WS_FTP.LOG
102.09.14 23:06 B D:\אתר מקהלת יואב\images\xserf.gif <-- zafit /public_html/amalia/אתר מקהלת יואב/images xserf.gif
102.09.14 23:06 B D:\אתר מקהלת יואב\images\Yoav.gif <-- zafit /public_html/amalia/אתר מקהלת יואב/images Yoav.gif
109.08.16 01:42 B E:\אתר מקהלת יואב\images\10ldhipy.gif --> ftp.yoavchoir.com /yoav_choir/images 10ldhipy.gif
109.08.16 01:42 B E:\אתר מקהלת יואב\images\97945483703_0_ALB.jpg --> ftp.yoavchoir.com /yoav_choir/images 97945483703_0_ALB.jpg
109.08.16 01:42 B E:\אתר מקהלת יואב\images\_15_0220.jpg --> ftp.yoavchoir.com /yoav_choir/images _15_0220.jpg
109.08.16 01:42 B E:\אתר מקהלת יואב\images\__3_0208.jpg --> ftp.yoavchoir.com /yoav_choir/images __3_0208.jpg
109.08.16 01:42 B E:\אתר מקהלת יואב\images\about.htm --> ftp.yoavchoir.com /yoav_choir/images about.htm
109.08.16 01:42 B E:\אתר מקהלת יואב\images\ag_whack.gif --> ftp.yoavchoir.com /yoav_choir/images ag_whack.gif
109.08.16 01:42 B E:\אתר מקהלת יואב\images\asp005.gif --> ftp.yoavchoir.com /yoav_choir/images asp005.gif
109.08.16 01:42 B E:\אתר מקהלת יואב\images\Assa.gif --> ftp.yoavchoir.com /yoav_choir/images Assa.gif
109.08.16 01:42 B E:\אתר מקהלת יואב\images\Atarim.gif --> ftp.yoavchoir.com /yoav_choir/images Atarim.gif
109.08.16 01:42 B E:\אתר מקהלת יואב\images\beau2.gif --> ftp.yoavchoir.com /yoav_choir/images beau2.gif
109.08.16 01:42 B E:\אתר מקהלת יואב\images\bookqury.gif --> ftp.yoavchoir.com /yoav_choir/images bookqury.gif
109.08.16 01:42 B E:\אתר מקהלת יואב\images\cardcool.gif --> ftp.yoavchoir.com /yoav_choir/images cardcool.gif
109.08.16 01:42 B E:\אתר מקהלת יואב\images\choralnt.gif --> ftp.yoavchoir.com /yoav_choir/images choralnt.gif
109.08.16 01:42 B E:\אתר מקהלת יואב\images\Concert011.jpg --> ftp.yoavchoir.com /yoav_choir/images Concert011.jpg
109.08.16 01:42 B E:\אתר מקהלת יואב\images\Concert022.jpg --> ftp.yoavchoir.com /yoav_choir/images Concert022.jpg
109.08.16 01:42 B E:\אתר מקהלת יואב\images\Concert08.jpg --> ftp.yoavchoir.com /yoav_choir/images Concert08.jpg
109.08.16 01:42 B E:\אתר מקהלת יואב\images\dood.gif --> ftp.yoavchoir.com /yoav_choir/images dood.gif
109.08.16 01:42 B E:\אתר מקהלת יואב\images\dormizion2007.jpg --> ftp.yoavchoir.com /yoav_choir/images dormizion2007.jpg
109.08.16 01:42 B E:\אתר מקהלת יואב\images\DRILLER.GIF --> ftp.yoavchoir.com /yoav_choir/images DRILLER.GIF
109.08.16 01:42 B E:\אתר מקהלת יואב\images\DSC00006.JPG --> ftp.yoavchoir.com /yoav_choir/images DSC00006.JPG
109.08.16 01:42 B E:\אתר מקהלת יואב\images\eclogo6.gif --> ftp.yoavchoir.com /yoav_choir/images eclogo6.gif
109.08.16 01:43 B E:\אתר מקהלת יואב\images\fisherman.jpg --> ftp.yoavchoir.com /yoav_choir/images fisherman.jpg
109.08.16 01:43 B E:\אתר מקהלת יואב\images\gc_icon.gif --> ftp.yoavchoir.com /yoav_choir/images gc_icon.gif
109.08.16 01:43 B E:\אתר מקהלת יואב\images\ghost.gif --> ftp.yoavchoir.com /yoav_choir/images ghost.gif
109.08.16 01:43 B E:\אתר מקהלת יואב\images\grigperformance.jpg --> ftp.yoavchoir.com /yoav_choir/images grigperformance.jpg
109.08.16 01:43 B E:\אתר מקהלת יואב\images\halel.jpg --> ftp.yoavchoir.com /yoav_choir/images halel.jpg
109.08.16 01:43 B E:\אתר מקהלת יואב\images\hazara1.jpg --> ftp.yoavchoir.com /yoav_choir/images hazara1.jpg
109.08.16 01:43 B E:\אתר מקהלת יואב\images\hazara2.jpg --> ftp.yoavchoir.com /yoav_choir/images hazara2.jpg
109.08.16 01:43 B E:\אתר מקהלת יואב\images\hazara3.jpg --> ftp.yoavchoir.com /yoav_choir/images hazara3.jpg
109.08.16 01:43 B E:\אתר מקהלת יואב\images\hazara4.jpg --> ftp.yoavchoir.com /yoav_choir/images hazara4.jpg
109.08.16 01:43 B E:\אתר מקהלת יואב\images\hazara5.jpg --> ftp.yoavchoir.com /yoav_choir/images hazara5.jpg
109.08.16 01:43 B E:\אתר מקהלת יואב\images\hazara6.jpg --> ftp.yoavchoir.com /yoav_choir/images hazara6.jpg
109.08.16 01:43 B E:\אתר מקהלת יואב\images\hazara7.jpg --> ftp.yoavchoir.com /yoav_choir/images hazara7.jpg
109.08.16 01:43 B E:\אתר מקהלת יואב\images\hazara8.jpg --> ftp.yoavchoir.com /yoav_choir/images hazara8.jpg
109.08.16 01:43 B E:\אתר מקהלת יואב\images\hazara9.jpg --> ftp.yoavchoir.com /yoav_choir/images hazara9.jpg
109.08.16 01:43 B E:\אתר מקהלת יואב\images\Heb.gif --> ftp.yoavchoir.com /yoav_choir/images Heb.gif
109.08.16 01:43 B E:\אתר מקהלת יואב\images\israel_flag_W.gif --> ftp.yoavchoir.com /yoav_choir/images israel_flag_W.gif
109.08.16 01:43 B E:\אתר מקהלת יואב\images\keshet.jpg --> ftp.yoavchoir.com /yoav_choir/images keshet.jpg
109.08.16 01:43 B E:\אתר מקהלת יואב\images\lightningstrike.gif --> ftp.yoavchoir.com /yoav_choir/images lightningstrike.gif
109.08.16 01:43 B E:\אתר מקהלת יואב\images\links.1.gif --> ftp.yoavchoir.com /yoav_choir/images links.1.gif
109.08.16 01:43 B E:\אתר מקהלת יואב\images\logo.gif --> ftp.yoavchoir.com /yoav_choir/images logo.gif
109.08.16 01:43 B E:\אתר מקהלת יואב\images\M0PGH335.GIF --> ftp.yoavchoir.com /yoav_choir/images M0PGH335.GIF
109.08.16 01:43 B E:\אתר מקהלת יואב\images\M0ptcr1n.gif --> ftp.yoavchoir.com /yoav_choir/images M0ptcr1n.gif
109.08.16 01:43 B E:\אתר מקהלת יואב\images\MailA281.gif --> ftp.yoavchoir.com /yoav_choir/images MailA281.gif
109.08.16 01:43 B E:\אתר מקהלת יואב\images\manlook.gif --> ftp.yoavchoir.com /yoav_choir/images manlook.gif
109.08.16 01:43 B E:\אתר מקהלת יואב\images\mapalhardenger.jpg --> ftp.yoavchoir.com /yoav_choir/images mapalhardenger.jpg
109.08.16 01:43 B E:\אתר מקהלת יואב\images\musica-mundi.gif --> ftp.yoavchoir.com /yoav_choir/images musica-mundi.gif
109.08.16 01:43 B E:\אתר מקהלת יואב\images\ner1.jpg --> ftp.yoavchoir.com /yoav_choir/images ner1.jpg
109.08.16 01:43 B E:\אתר מקהלת יואב\images\new1.gif --> ftp.yoavchoir.com /yoav_choir/images new1.gif
109.08.16 01:43 B E:\אתר מקהלת יואב\images\nofnearvoss.jpg --> ftp.yoavchoir.com /yoav_choir/images nofnearvoss.jpg
109.08.16 01:43 B E:\אתר מקהלת יואב\images\opus01.gif --> ftp.yoavchoir.com /yoav_choir/images opus01.gif
109.08.16 01:43 B E:\אתר מקהלת יואב\images\opus02.gif --> ftp.yoavchoir.com /yoav_choir/images opus02.gif
109.08.16 01:44 B E:\אתר מקהלת יואב\images\outside.jpg --> ftp.yoavchoir.com /yoav_choir/images outside.jpg
109.08.16 01:44 B E:\אתר מקהלת יואב\images\P1010009.JPG --> ftp.yoavchoir.com /yoav_choir/images P1010009.JPG
109.08.16 01:44 B E:\אתר מקהלת יואב\images\P1010011.JPG --> ftp.yoavchoir.com /yoav_choir/images P1010011.JPG
109.08.16 01:44 B E:\אתר מקהלת יואב\images\P1100012.JPG --> ftp.yoavchoir.com /yoav_choir/images P1100012.JPG
109.08.16 01:44 B E:\אתר מקהלת יואב\images\P1100013.JPG --> ftp.yoavchoir.com /yoav_choir/images P1100013.JPG
109.08.16 01:44 B E:\אתר מקהלת יואב\images\P1200008.JPG --> ftp.yoavchoir.com /yoav_choir/images P1200008.JPG
109.08.16 01:44 B E:\אתר מקהלת יואב\images\P2100003.JPG --> ftp.yoavchoir.com /yoav_choir/images P2100003.JPG
109.08.16 01:44 B E:\אתר מקהלת יואב\images\P4300005.JPG --> ftp.yoavchoir.com /yoav_choir/images P4300005.JPG
109.08.16 01:44 B E:\אתר מקהלת יואב\images\P4300012.JPG --> ftp.yoavchoir.com /yoav_choir/images P4300012.JPG
109.08.16 01:44 B E:\אתר מקהלת יואב\images\P4300014.JPG --> ftp.yoavchoir.com /yoav_choir/images P4300014.JPG
109.08.16 01:44 B E:\אתר מקהלת יואב\images\P4300044.JPG --> ftp.yoavchoir.com /yoav_choir/images P4300044.JPG
109.08.16 01:44 B E:\אתר מקהלת יואב\images\P4300070.JPG --> ftp.yoavchoir.com /yoav_choir/images P4300070.JPG
109.08.16 01:44 B E:\אתר מקהלת יואב\images\P7020004.JPG --> ftp.yoavchoir.com /yoav_choir/images P7020004.JPG
109.08.16 01:44 B E:\אתר מקהלת יואב\images\P7020018.JPG --> ftp.yoavchoir.com /yoav_choir/images P7020018.JPG
109.08.16 01:44 B E:\אתר מקהלת יואב\images\P7020023.JPG --> ftp.yoavchoir.com /yoav_choir/images P7020023.JPG
109.08.16 01:44 B E:\אתר מקהלת יואב\images\P7020031.JPG --> ftp.yoavchoir.com /yoav_choir/images P7020031.JPG
109.08.16 01:44 B E:\אתר מקהלת יואב\images\planet.gif --> ftp.yoavchoir.com /yoav_choir/images planet.gif
109.08.16 01:44 B E:\אתר מקהלת יואב\images\polove2.mid --> ftp.yoavchoir.com /yoav_choir/images polove2.mid
109.08.16 01:44 B E:\אתר מקהלת יואב\images\psalms_42.jpg --> ftp.yoavchoir.com /yoav_choir/images psalms_42.jpg
109.08.16 01:44 B E:\אתר מקהלת יואב\images\schoolhamar.jpg --> ftp.yoavchoir.com /yoav_choir/images schoolhamar.jpg
109.08.16 01:44 B E:\אתר מקהלת יואב\images\semel.gif --> ftp.yoavchoir.com /yoav_choir/images semel.gif
109.08.16 01:45 B E:\אתר מקהלת יואב\images\shmon.jpg --> ftp.yoavchoir.com /yoav_choir/images shmon.jpg
109.08.16 01:45 B E:\אתר מקהלת יואב\images\snoejamne.jpg --> ftp.yoavchoir.com /yoav_choir/images snoejamne.jpg
109.08.16 01:45 B E:\אתר מקהלת יואב\images\Snow.gif --> ftp.yoavchoir.com /yoav_choir/images Snow.gif
109.08.16 01:45 B E:\אתר מקהלת יואב\images\SOUND.GIF --> ftp.yoavchoir.com /yoav_choir/images SOUND.GIF
109.08.16 01:45 B E:\אתר מקהלת יואב\images\speakeranim.gif --> ftp.yoavchoir.com /yoav_choir/images speakeranim.gif
109.08.16 01:45 B E:\אתר מקהלת יואב\images\st_petersburg1.jpg --> ftp.yoavchoir.com /yoav_choir/images st_petersburg1.jpg
109.08.16 01:46 B E:\אתר מקהלת יואב\images\st_petersburg2.jpg --> ftp.yoavchoir.com /yoav_choir/images st_petersburg2.jpg
109.08.16 01:46 B E:\אתר מקהלת יואב\images\st_petresburg.jpg --> ftp.yoavchoir.com /yoav_choir/images st_petresburg.jpg
109.08.16 01:46 B E:\אתר מקהלת יואב\images\stavkike.jpg --> ftp.yoavchoir.com /yoav_choir/images stavkike.jpg
109.08.16 01:46 B E:\אתר מקהלת יואב\images\swami.gif --> ftp.yoavchoir.com /yoav_choir/images swami.gif
109.08.16 01:46 B E:\אתר מקהלת יואב\images\synagogue.jpg --> ftp.yoavchoir.com /yoav_choir/images synagogue.jpg
109.08.16 01:46 B E:\אתר מקהלת יואב\images\Thumbs.db --> ftp.yoavchoir.com /yoav_choir/images Thumbs.db
109.08.16 01:46 B E:\אתר מקהלת יואב\images\tommy.gif --> ftp.yoavchoir.com /yoav_choir/images tommy.gif
109.08.16 01:46 B E:\אתר מקהלת יואב\images\universitychoir.jpg --> ftp.yoavchoir.com /yoav_choir/images universitychoir.jpg
109.08.16 01:46 B E:\אתר מקהלת יואב\images\Walla.gif --> ftp.yoavchoir.com /yoav_choir/images Walla.gif
109.08.16 01:46 B E:\אתר מקהלת יואב\images\weltrain1.gif --> ftp.yoavchoir.com /yoav_choir/images weltrain1.gif
109.08.16 01:46 B E:\אתר מקהלת יואב\images\WS_FTP.LOG --> ftp.yoavchoir.com /yoav_choir/images WS_FTP.LOG
109.08.16 01:46 B E:\אתר מקהלת יואב\images\xserf.gif --> ftp.yoavchoir.com /yoav_choir/images xserf.gif
109.08.16 01:46 B E:\אתר מקהלת יואב\images\Yoav.gif --> ftp.yoavchoir.com /yoav_choir/images Yoav.gif
112.06.20 09:42 B E:\אתר מקהלת יואב\images\city_hall.JPG --> ftp.yoavchoir.com /images city_hall.JPG
